{"contracts/DadaSale.sol":{"l":{"138":6,"139":6,"140":6,"141":6,"142":6,"143":6,"154":2,"155":1,"156":1,"166":7,"167":6,"168":18,"179":5,"180":4,"181":7,"182":5,"183":5,"188":2,"189":2,"200":2,"201":2,"202":216,"214":7,"216":5,"217":4,"218":432,"232":5,"234":4,"235":4,"236":8,"250":10,"253":8,"256":6,"259":6,"262":4,"270":3,"273":3,"274":3,"280":3,"286":2,"289":1,"290":1,"293":1,"296":1,"303":1,"304":1,"307":1,"310":1},"path":"/Users/isaacpatka/dada/analysis/contracts/DadaSale.sol","s":{"1":6,"2":6,"3":6,"4":6,"5":6,"6":6,"7":2,"8":1,"9":1,"10":7,"11":6,"12":18,"13":5,"14":4,"15":7,"16":5,"17":5,"18":2,"19":2,"20":2,"21":216,"22":7,"23":5,"24":4,"25":432,"26":5,"27":4,"28":4,"29":8,"30":10,"31":8,"32":6,"33":6,"34":4,"35":3,"36":3,"37":3,"38":2,"39":1,"40":1,"41":1,"42":1,"43":1,"44":1,"45":1},"b":{"1":[1,1],"2":[1,0],"3":[6,1],"4":[4,1],"5":[5,2],"6":[2,0],"7":[5,2],"8":[4,1],"9":[4,1],"10":[4,0],"11":[8,2],"12":[6,2],"13":[6,0],"14":[4,2],"15":[3,1],"16":[1,1],"17":[1,0],"18":[1,0]},"f":{"1":6,"2":2,"3":7,"4":5,"5":2,"6":7,"7":5,"8":10,"9":2},"fnMap":{"1":{"name":"constructor","line":132,"loc":{"start":{"line":132,"column":4},"end":{"line":144,"column":4}}},"2":{"name":"withdraw","line":153,"loc":{"start":{"line":153,"column":4},"end":{"line":157,"column":4}}},"3":{"name":"setContractState","line":165,"loc":{"start":{"line":165,"column":4},"end":{"line":170,"column":4}}},"4":{"name":"setSwapList","line":176,"loc":{"start":{"line":176,"column":4},"end":{"line":192,"column":4}}},"5":{"name":"setDrawingCap","line":197,"loc":{"start":{"line":197,"column":4},"end":{"line":206,"column":4}}},"6":{"name":"setPriceList","line":211,"loc":{"start":{"line":211,"column":4},"end":{"line":222,"column":4}}},"7":{"name":"setAllowList","line":227,"loc":{"start":{"line":227,"column":4},"end":{"line":238,"column":4}}},"8":{"name":"purchase","line":244,"loc":{"start":{"line":244,"column":4},"end":{"line":281,"column":4}}},"9":{"name":"swapToken","line":285,"loc":{"start":{"line":285,"column":4},"end":{"line":311,"column":4}}}},"statementMap":{"1":{"start":{"line":138,"column":8},"end":{"line":138,"column":54}},"2":{"start":{"line":139,"column":8},"end":{"line":139,"column":66}},"3":{"start":{"line":140,"column":8},"end":{"line":140,"column":41}},"4":{"start":{"line":141,"column":8},"end":{"line":141,"column":50}},"5":{"start":{"line":142,"column":8},"end":{"line":142,"column":44}},"6":{"start":{"line":143,"column":8},"end":{"line":143,"column":49}},"7":{"start":{"line":154,"column":8},"end":{"line":154,"column":63}},"8":{"start":{"line":155,"column":8},"end":{"line":155,"column":69}},"9":{"start":{"line":156,"column":8},"end":{"line":156,"column":36}},"10":{"start":{"line":166,"column":8},"end":{"line":166,"column":63}},"11":{"start":{"line":167,"column":8},"end":{"line":167,"column":5574}},"12":{"start":{"line":168,"column":12},"end":{"line":168,"column":46}},"13":{"start":{"line":179,"column":8},"end":{"line":179,"column":63}},"14":{"start":{"line":180,"column":8},"end":{"line":180,"column":6184}},"15":{"start":{"line":181,"column":12},"end":{"line":181,"column":6270}},"16":{"start":{"line":182,"column":16},"end":{"line":182,"column":64}},"17":{"start":{"line":183,"column":16},"end":{"line":183,"column":6372}},"18":{"start":{"line":188,"column":16},"end":{"line":188,"column":65}},"19":{"start":{"line":200,"column":8},"end":{"line":200,"column":63}},"20":{"start":{"line":201,"column":8},"end":{"line":201,"column":7037}},"21":{"start":{"line":202,"column":12},"end":{"line":202,"column":7116}},"22":{"start":{"line":214,"column":8},"end":{"line":214,"column":63}},"23":{"start":{"line":216,"column":8},"end":{"line":216,"column":43}},"24":{"start":{"line":217,"column":8},"end":{"line":217,"column":7705}},"25":{"start":{"line":218,"column":12},"end":{"line":218,"column":7786}},"26":{"start":{"line":232,"column":8},"end":{"line":232,"column":63}},"27":{"start":{"line":234,"column":8},"end":{"line":234,"column":43}},"28":{"start":{"line":235,"column":8},"end":{"line":235,"column":8402}},"29":{"start":{"line":236,"column":12},"end":{"line":236,"column":55}},"30":{"start":{"line":250,"column":8},"end":{"line":250,"column":45}},"31":{"start":{"line":253,"column":8},"end":{"line":253,"column":69}},"32":{"start":{"line":256,"column":8},"end":{"line":256,"column":59}},"33":{"start":{"line":259,"column":8},"end":{"line":259,"column":54}},"34":{"start":{"line":262,"column":8},"end":{"line":262,"column":9417}},"35":{"start":{"line":273,"column":8},"end":{"line":273,"column":67}},"36":{"start":{"line":274,"column":8},"end":{"line":274,"column":9905}},"37":{"start":{"line":280,"column":8},"end":{"line":280,"column":68}},"38":{"start":{"line":286,"column":8},"end":{"line":286,"column":39}},"39":{"start":{"line":289,"column":8},"end":{"line":289,"column":56}},"40":{"start":{"line":290,"column":8},"end":{"line":290,"column":58}},"41":{"start":{"line":293,"column":8},"end":{"line":293,"column":58}},"42":{"start":{"line":296,"column":8},"end":{"line":296,"column":10708}},"43":{"start":{"line":304,"column":8},"end":{"line":304,"column":39}},"44":{"start":{"line":307,"column":8},"end":{"line":307,"column":67}},"45":{"start":{"line":310,"column":8},"end":{"line":310,"column":62}}},"branchMap":{"1":{"line":154,"type":"if","locations":[{"start":{"line":154,"column":8},"end":{"line":154,"column":8}},{"start":{"line":154,"column":8},"end":{"line":154,"column":8}}]},"2":{"line":156,"type":"if","locations":[{"start":{"line":156,"column":8},"end":{"line":156,"column":8}},{"start":{"line":156,"column":8},"end":{"line":156,"column":8}}]},"3":{"line":166,"type":"if","locations":[{"start":{"line":166,"column":8},"end":{"line":166,"column":8}},{"start":{"line":166,"column":8},"end":{"line":166,"column":8}}]},"4":{"line":179,"type":"if","locations":[{"start":{"line":179,"column":8},"end":{"line":179,"column":8}},{"start":{"line":179,"column":8},"end":{"line":179,"column":8}}]},"5":{"line":181,"type":"if","locations":[{"start":{"line":181,"column":12},"end":{"line":181,"column":12}},{"start":{"line":181,"column":12},"end":{"line":181,"column":12}}]},"6":{"line":200,"type":"if","locations":[{"start":{"line":200,"column":8},"end":{"line":200,"column":8}},{"start":{"line":200,"column":8},"end":{"line":200,"column":8}}]},"7":{"line":214,"type":"if","locations":[{"start":{"line":214,"column":8},"end":{"line":214,"column":8}},{"start":{"line":214,"column":8},"end":{"line":214,"column":8}}]},"8":{"line":216,"type":"if","locations":[{"start":{"line":216,"column":8},"end":{"line":216,"column":8}},{"start":{"line":216,"column":8},"end":{"line":216,"column":8}}]},"9":{"line":232,"type":"if","locations":[{"start":{"line":232,"column":8},"end":{"line":232,"column":8}},{"start":{"line":232,"column":8},"end":{"line":232,"column":8}}]},"10":{"line":234,"type":"if","locations":[{"start":{"line":234,"column":8},"end":{"line":234,"column":8}},{"start":{"line":234,"column":8},"end":{"line":234,"column":8}}]},"11":{"line":250,"type":"if","locations":[{"start":{"line":250,"column":8},"end":{"line":250,"column":8}},{"start":{"line":250,"column":8},"end":{"line":250,"column":8}}]},"12":{"line":253,"type":"if","locations":[{"start":{"line":253,"column":8},"end":{"line":253,"column":8}},{"start":{"line":253,"column":8},"end":{"line":253,"column":8}}]},"13":{"line":256,"type":"if","locations":[{"start":{"line":256,"column":8},"end":{"line":256,"column":8}},{"start":{"line":256,"column":8},"end":{"line":256,"column":8}}]},"14":{"line":259,"type":"if","locations":[{"start":{"line":259,"column":8},"end":{"line":259,"column":8}},{"start":{"line":259,"column":8},"end":{"line":259,"column":8}}]},"15":{"line":262,"type":"if","locations":[{"start":{"line":262,"column":8},"end":{"line":262,"column":8}},{"start":{"line":262,"column":8},"end":{"line":262,"column":8}}]},"16":{"line":286,"type":"if","locations":[{"start":{"line":286,"column":8},"end":{"line":286,"column":8}},{"start":{"line":286,"column":8},"end":{"line":286,"column":8}}]},"17":{"line":293,"type":"if","locations":[{"start":{"line":293,"column":8},"end":{"line":293,"column":8}},{"start":{"line":293,"column":8},"end":{"line":293,"column":8}}]},"18":{"line":296,"type":"if","locations":[{"start":{"line":296,"column":8},"end":{"line":296,"column":8}},{"start":{"line":296,"column":8},"end":{"line":296,"column":8}}]}}}}