TN:
SF:/Users/isaacpatka/dada/analysis/contracts/DadaSale.sol
FN:132,constructor
FN:153,withdraw
FN:165,setContractState
FN:176,setSwapList
FN:197,setDrawingCap
FN:211,setPriceList
FN:227,setAllowList
FN:244,purchase
FN:285,swapToken
FNF:9
FNH:9
FNDA:6,constructor
FNDA:2,withdraw
FNDA:7,setContractState
FNDA:5,setSwapList
FNDA:2,setDrawingCap
FNDA:7,setPriceList
FNDA:5,setAllowList
FNDA:10,purchase
FNDA:2,swapToken
DA:138,6
DA:139,6
DA:140,6
DA:141,6
DA:142,6
DA:143,6
DA:154,2
DA:155,1
DA:156,1
DA:166,7
DA:167,6
DA:168,18
DA:179,5
DA:180,4
DA:181,7
DA:182,5
DA:183,5
DA:188,2
DA:189,2
DA:200,2
DA:201,2
DA:202,216
DA:214,7
DA:216,5
DA:217,4
DA:218,432
DA:232,5
DA:234,4
DA:235,4
DA:236,8
DA:250,10
DA:253,8
DA:256,6
DA:259,6
DA:262,4
DA:270,3
DA:273,3
DA:274,3
DA:280,3
DA:286,2
DA:289,1
DA:290,1
DA:293,1
DA:296,1
DA:303,1
DA:304,1
DA:307,1
DA:310,1
LF:48
LH:48
BRDA:154,1,0,1
BRDA:154,1,1,1
BRDA:156,2,0,1
BRDA:156,2,1,0
BRDA:166,3,0,6
BRDA:166,3,1,1
BRDA:179,4,0,4
BRDA:179,4,1,1
BRDA:181,5,0,5
BRDA:181,5,1,2
BRDA:200,6,0,2
BRDA:200,6,1,0
BRDA:214,7,0,5
BRDA:214,7,1,2
BRDA:216,8,0,4
BRDA:216,8,1,1
BRDA:232,9,0,4
BRDA:232,9,1,1
BRDA:234,10,0,4
BRDA:234,10,1,0
BRDA:250,11,0,8
BRDA:250,11,1,2
BRDA:253,12,0,6
BRDA:253,12,1,2
BRDA:256,13,0,6
BRDA:256,13,1,0
BRDA:259,14,0,4
BRDA:259,14,1,2
BRDA:262,15,0,3
BRDA:262,15,1,1
BRDA:286,16,0,1
BRDA:286,16,1,1
BRDA:293,17,0,1
BRDA:293,17,1,0
BRDA:296,18,0,1
BRDA:296,18,1,0
BRF:36
BRH:30
end_of_record
